<?xml version="1.0" encoding="UTF-8"?>
<!-- Generated by org.testng.reporters.JUnitReportReporter -->
<testsuite hostname="Banan-Abusubaih" failures="0" tests="7" name="newwebsite.testing" time="2.242" errors="0" timestamp="2025-01-05T22:32:50 EET" skipped="6">
  <testcase classname="newwebsite.testing" name="newtap" time="2.242"/>
  <system-out/>
  <testcase classname="newwebsite.testing" name="RadioButten">
    <skipped/>
  </testcase> <!-- RadioButten -->
  <system-out/>
  <testcase classname="newwebsite.testing" name="alertandconfirm">
    <skipped/>
  </testcase> <!-- alertandconfirm -->
  <system-out/>
  <testcase classname="newwebsite.testing" name="newwindow">
    <skipped/>
  </testcase> <!-- newwindow -->
  <system-out/>
  <testcase classname="newwebsite.testing" name="dinamicdropdown">
    <skipped/>
  </testcase> <!-- dinamicdropdown -->
  <system-out/>
  <testcase classname="newwebsite.testing" name="checkbox">
    <skipped/>
  </testcase> <!-- checkbox -->
  <system-out/>
  <testcase classname="newwebsite.testing" name="staticdropdown">
    <skipped/>
  </testcase> <!-- staticdropdown -->
  <system-out/>
</testsuite> <!-- newwebsite.testing -->
